<?xml version="1.0" encoding="UTF-8"?>
<!-- Generated by org.testng.reporters.JUnitReportReporter -->
<testsuite hostname="Alkesh" name="A.B" tests="6" failures="0" timestamp="26 Jan 2019 19:09:00 GMT" time="0.226" errors="0">
  <testcase name="m1" time="0.042" classname="A.B"/>
  <testcase name="m2" time="0.042" classname="A.B"/>
  <testcase name="m5" time="0.042" classname="A.B"/>
  <testcase name="m6" time="0.009" classname="A.B"/>
  <testcase name="m4" time="0.049" classname="A.B"/>
  <testcase name="m3" time="0.042" classname="A.B"/>
</testsuite> <!-- A.B -->
